# JRE version: OpenJDK Runtime Environment Microsoft-8035246 (17.0.8+7) (build 17.0.8+7-LTS)
# Java VM: OpenJDK 64-Bit Server VM Microsoft-8035246 (17.0.8+7-LTS, mixed mode, sharing, tiered, compressed oops, compressed class ptrs, g1 gc, windows-amd64)
GC Precious Log:
 CPUs: 4 total, 4 available
 Memory: 7128M
 Large Page Support: Disabled
 NUMA Support: Disabled
 Compressed Oops: Enabled (32-bit)
 Heap Region Size: 1M
 Heap Min Capacity: 8M
 Heap Initial Capacity: 112M
 Heap Max Capacity: 2G
 Pre-touch: Disabled
 Parallel Workers: 4
 Concurrent Workers: 1
 Concurrent Refinement Workers: 4
 Periodic GC: Disabled
Heap:
 garbage-first heap   total 263168K, used 205569K [0x0000000080000000, 0x0000000100000000)
  region size 1024K, 11 young (11264K), 4 survivors (4096K)
 Metaspace       used 103364K, committed 104448K, reserved 557056K
  class space    used 14423K, committed 14912K, reserved 425984K
GC Heap History (20 events):
Event: 85.286 GC heap before
{Heap before GC invocations=50 (full 0):
 garbage-first heap   total 219136K, used 184320K [0x0000000080000000, 0x0000000100000000)
  region size 1024K, 36 young (36864K), 5 survivors (5120K)
 Metaspace       used 96549K, committed 97600K, reserved 557056K
  class space    used 13544K, committed 14016K, reserved 425984K
}
Event: 85.310 GC heap after
{Heap after GC invocations=51 (full 0):
 garbage-first heap   total 219136K, used 157674K [0x0000000080000000, 0x0000000100000000)
  region size 1024K, 5 young (5120K), 5 survivors (5120K)
 Metaspace       used 96549K, committed 97600K, reserved 557056K
  class space    used 13544K, committed 14016K, reserved 425984K
}
Event: 86.348 GC heap before
{Heap before GC invocations=51 (full 0):
 garbage-first heap   total 219136K, used 184298K [0x0000000080000000, 0x0000000100000000)
  region size 1024K, 31 young (31744K), 5 survivors (5120K)
 Metaspace       used 96804K, committed 97920K, reserved 557056K
  class space    used 13578K, committed 14080K, reserved 425984K
}
Event: 86.367 GC heap after
{Heap after GC invocations=52 (full 0):
 garbage-first heap   total 219136K, used 166148K [0x0000000080000000, 0x0000000100000000)
  region size 1024K, 4 young (4096K), 4 survivors (4096K)
 Metaspace       used 96804K, committed 97920K, reserved 557056K
  class space    used 13578K, committed 14080K, reserved 425984K
}
Event: 87.164 GC heap before
{Heap before GC invocations=52 (full 0):
 garbage-first heap   total 219136K, used 183556K [0x0000000080000000, 0x0000000100000000)
  region size 1024K, 21 young (21504K), 4 survivors (4096K)
 Metaspace       used 96880K, committed 97984K, reserved 557056K
  class space    used 13583K, committed 14080K, reserved 425984K
}
Event: 87.178 GC heap after
{Heap after GC invocations=53 (full 0):
 garbage-first heap   total 263168K, used 170661K [0x0000000080000000, 0x0000000100000000)
  region size 1024K, 3 young (3072K), 3 survivors (3072K)
 Metaspace       used 96880K, committed 97984K, reserved 557056K
  class space    used 13583K, committed 14080K, reserved 425984K
}
Event: 88.828 GC heap before
{Heap before GC invocations=53 (full 0):
 garbage-first heap   total 263168K, used 214693K [0x0000000080000000, 0x0000000100000000)
  region size 1024K, 46 young (47104K), 3 survivors (3072K)
 Metaspace       used 98926K, committed 99904K, reserved 557056K
  class space    used 13899K, committed 14336K, reserved 425984K
}
Event: 88.846 GC heap after
{Heap after GC invocations=54 (full 0):
 garbage-first heap   total 263168K, used 177610K [0x0000000080000000, 0x0000000100000000)
  region size 1024K, 6 young (6144K), 6 survivors (6144K)
 Metaspace       used 98926K, committed 99904K, reserved 557056K
  class space    used 13899K, committed 14336K, reserved 425984K
}
Event: 90.925 GC heap before
{Heap before GC invocations=54 (full 0):
 garbage-first heap   total 263168K, used 217546K [0x0000000080000000, 0x0000000100000000)
  region size 1024K, 45 young (46080K), 6 survivors (6144K)
 Metaspace       used 101233K, committed 102400K, reserved 557056K
  class space    used 14199K, committed 14720K, reserved 425984K
}
Event: 90.964 GC heap after
{Heap after GC invocations=55 (full 0):
 garbage-first heap   total 263168K, used 182733K [0x0000000080000000, 0x0000000100000000)
  region size 1024K, 5 young (5120K), 5 survivors (5120K)
 Metaspace       used 101233K, committed 102400K, reserved 557056K
  class space    used 14199K, committed 14720K, reserved 425984K
}
Event: 92.261 GC heap before
{Heap before GC invocations=55 (full 0):
 garbage-first heap   total 263168K, used 219597K [0x0000000080000000, 0x0000000100000000)
  region size 1024K, 41 young (41984K), 5 survivors (5120K)
 Metaspace       used 101896K, committed 103040K, reserved 557056K
  class space    used 14262K, committed 14784K, reserved 425984K
}
Event: 92.291 GC heap after
{Heap after GC invocations=56 (full 0):
 garbage-first heap   total 263168K, used 187033K [0x0000000080000000, 0x0000000100000000)
  region size 1024K, 5 young (5120K), 5 survivors (5120K)
 Metaspace       used 101896K, committed 103040K, reserved 557056K
  class space    used 14262K, committed 14784K, reserved 425984K
}
Event: 93.408 GC heap before
{Heap before GC invocations=56 (full 0):
 garbage-first heap   total 263168K, used 220825K [0x0000000080000000, 0x0000000100000000)
  region size 1024K, 38 young (38912K), 5 survivors (5120K)
 Metaspace       used 102118K, committed 103296K, reserved 557056K
  class space    used 14276K, committed 14784K, reserved 425984K
}
Event: 93.431 GC heap after
{Heap after GC invocations=57 (full 0):
 garbage-first heap   total 263168K, used 191088K [0x0000000080000000, 0x0000000100000000)
  region size 1024K, 4 young (4096K), 4 survivors (4096K)
 Metaspace       used 102118K, committed 103296K, reserved 557056K
  class space    used 14276K, committed 14784K, reserved 425984K
}
Event: 94.713 GC heap before
{Heap before GC invocations=57 (full 0):
 garbage-first heap   total 263168K, used 222832K [0x0000000080000000, 0x0000000100000000)
  region size 1024K, 36 young (36864K), 4 survivors (4096K)
 Metaspace       used 102817K, committed 104000K, reserved 557056K
  class space    used 14376K, committed 14912K, reserved 425984K
}
Event: 94.738 GC heap after
{Heap after GC invocations=58 (full 0):
 garbage-first heap   total 263168K, used 194524K [0x0000000080000000, 0x0000000100000000)
  region size 1024K, 4 young (4096K), 4 survivors (4096K)
 Metaspace       used 102817K, committed 104000K, reserved 557056K
  class space    used 14376K, committed 14912K, reserved 425984K
}
Event: 96.025 GC heap before
{Heap before GC invocations=58 (full 0):
 garbage-first heap   total 263168K, used 223196K [0x0000000080000000, 0x0000000100000000)
  region size 1024K, 33 young (33792K), 4 survivors (4096K)
 Metaspace       used 103040K, committed 104256K, reserved 557056K
  class space    used 14378K, committed 14912K, reserved 425984K
}
Event: 96.038 GC heap after
{Heap after GC invocations=59 (full 0):
 garbage-first heap   total 263168K, used 195450K [0x0000000080000000, 0x0000000100000000)
  region size 1024K, 2 young (2048K), 2 survivors (2048K)
 Metaspace       used 103040K, committed 104256K, reserved 557056K
  class space    used 14378K, committed 14912K, reserved 425984K
}
Event: 97.465 GC heap before
{Heap before GC invocations=59 (full 0):
 garbage-first heap   total 263168K, used 225146K [0x0000000080000000, 0x0000000100000000)
  region size 1024K, 32 young (32768K), 2 survivors (2048K)
 Metaspace       used 103361K, committed 104448K, reserved 557056K
  class space    used 14423K, committed 14912K, reserved 425984K
}
Event: 97.479 GC heap after
{Heap after GC invocations=60 (full 0):
 garbage-first heap   total 263168K, used 199425K [0x0000000080000000, 0x0000000100000000)
  region size 1024K, 4 young (4096K), 4 survivors (4096K)
 Metaspace       used 103361K, committed 104448K, reserved 557056K
  class space    used 14423K, committed 14912K, reserved 425984K
}

