# JRE version: OpenJDK Runtime Environment Microsoft-8035246 (17.0.8+7) (build 17.0.8+7-LTS)
# Java VM: OpenJDK 64-Bit Server VM Microsoft-8035246 (17.0.8+7-LTS, mixed mode, sharing, tiered, compressed oops, compressed class ptrs, g1 gc, windows-amd64)
GC Precious Log:
 CPUs: 4 total, 4 available
 Memory: 7128M
 Large Page Support: Disabled
 NUMA Support: Disabled
 Compressed Oops: Enabled (32-bit)
 Heap Region Size: 1M
 Heap Min Capacity: 8M
 Heap Initial Capacity: 112M
 Heap Max Capacity: 2G
 Pre-touch: Disabled
 Parallel Workers: 4
 Concurrent Workers: 1
 Concurrent Refinement Workers: 4
 Periodic GC: Disabled
Heap:
 garbage-first heap   total 260096K, used 186318K [0x0000000080000000, 0x0000000100000000)
  region size 1024K, 30 young (30720K), 5 survivors (5120K)
 Metaspace       used 98192K, committed 99136K, reserved 557056K
  class space    used 13732K, committed 14208K, reserved 425984K
GC Heap History (20 events):
Event: 71.333 GC heap before
{Heap before GC invocations=51 (full 0):
 garbage-first heap   total 211968K, used 162658K [0x0000000080000000, 0x0000000100000000)
  region size 1024K, 42 young (43008K), 1 survivors (1024K)
 Metaspace       used 88746K, committed 89600K, reserved 557056K
  class space    used 12496K, committed 12864K, reserved 425984K
}
Event: 71.349 GC heap after
{Heap after GC invocations=52 (full 0):
 garbage-first heap   total 211968K, used 132486K [0x0000000080000000, 0x0000000100000000)
  region size 1024K, 6 young (6144K), 6 survivors (6144K)
 Metaspace       used 88746K, committed 89600K, reserved 557056K
  class space    used 12496K, committed 12864K, reserved 425984K
}
Event: 71.536 GC heap before
{Heap before GC invocations=52 (full 0):
 garbage-first heap   total 211968K, used 136582K [0x0000000080000000, 0x0000000100000000)
  region size 1024K, 10 young (10240K), 6 survivors (6144K)
 Metaspace       used 88780K, committed 89600K, reserved 557056K
  class space    used 12497K, committed 12864K, reserved 425984K
}
Event: 71.556 GC heap after
{Heap after GC invocations=53 (full 0):
 garbage-first heap   total 211968K, used 133348K [0x0000000080000000, 0x0000000100000000)
  region size 1024K, 2 young (2048K), 2 survivors (2048K)
 Metaspace       used 88780K, committed 89600K, reserved 557056K
  class space    used 12497K, committed 12864K, reserved 425984K
}
Event: 72.439 GC heap before
{Heap before GC invocations=53 (full 0):
 garbage-first heap   total 211968K, used 150756K [0x0000000080000000, 0x0000000100000000)
  region size 1024K, 21 young (21504K), 2 survivors (2048K)
 Metaspace       used 88888K, committed 89792K, reserved 557056K
  class space    used 12509K, committed 12928K, reserved 425984K
}
Event: 72.452 GC heap after
{Heap after GC invocations=54 (full 0):
 garbage-first heap   total 254976K, used 135654K [0x0000000080000000, 0x0000000100000000)
  region size 1024K, 4 young (4096K), 4 survivors (4096K)
 Metaspace       used 88888K, committed 89792K, reserved 557056K
  class space    used 12509K, committed 12928K, reserved 425984K
}
Event: 74.255 GC heap before
{Heap before GC invocations=55 (full 0):
 garbage-first heap   total 254976K, used 191974K [0x0000000080000000, 0x0000000100000000)
  region size 1024K, 57 young (58368K), 4 survivors (4096K)
 Metaspace       used 91674K, committed 92608K, reserved 557056K
  class space    used 12891K, committed 13312K, reserved 425984K
}
Event: 74.278 GC heap after
{Heap after GC invocations=56 (full 0):
 garbage-first heap   total 254976K, used 144060K [0x0000000080000000, 0x0000000100000000)
  region size 1024K, 8 young (8192K), 8 survivors (8192K)
 Metaspace       used 91674K, committed 92608K, reserved 557056K
  class space    used 12891K, committed 13312K, reserved 425984K
}
Event: 74.367 GC heap before
{Heap before GC invocations=56 (full 0):
 garbage-first heap   total 254976K, used 147132K [0x0000000080000000, 0x0000000100000000)
  region size 1024K, 12 young (12288K), 8 survivors (8192K)
 Metaspace       used 91999K, committed 92864K, reserved 557056K
  class space    used 12965K, committed 13376K, reserved 425984K
}
Event: 74.380 GC heap after
{Heap after GC invocations=57 (full 0):
 garbage-first heap   total 254976K, used 144350K [0x0000000080000000, 0x0000000100000000)
  region size 1024K, 1 young (1024K), 1 survivors (1024K)
 Metaspace       used 91999K, committed 92864K, reserved 557056K
  class space    used 12965K, committed 13376K, reserved 425984K
}
Event: 76.563 GC heap before
{Heap before GC invocations=57 (full 0):
 garbage-first heap   total 254976K, used 197598K [0x0000000080000000, 0x0000000100000000)
  region size 1024K, 53 young (54272K), 1 survivors (1024K)
 Metaspace       used 95751K, committed 96640K, reserved 557056K
  class space    used 13449K, committed 13888K, reserved 425984K
}
Event: 76.577 GC heap after
{Heap after GC invocations=58 (full 0):
 garbage-first heap   total 254976K, used 148010K [0x0000000080000000, 0x0000000100000000)
  region size 1024K, 5 young (5120K), 5 survivors (5120K)
 Metaspace       used 95751K, committed 96640K, reserved 557056K
  class space    used 13449K, committed 13888K, reserved 425984K
}
Event: 78.617 GC heap before
{Heap before GC invocations=59 (full 0):
 garbage-first heap   total 260096K, used 200234K [0x0000000080000000, 0x0000000100000000)
  region size 1024K, 56 young (57344K), 5 survivors (5120K)
 Metaspace       used 96664K, committed 97664K, reserved 557056K
  class space    used 13541K, committed 14016K, reserved 425984K
}
Event: 78.648 GC heap after
{Heap after GC invocations=60 (full 0):
 garbage-first heap   total 260096K, used 153422K [0x0000000080000000, 0x0000000100000000)
  region size 1024K, 6 young (6144K), 6 survivors (6144K)
 Metaspace       used 96664K, committed 97664K, reserved 557056K
  class space    used 13541K, committed 14016K, reserved 425984K
}
Event: 78.829 GC heap before
{Heap before GC invocations=60 (full 0):
 garbage-first heap   total 260096K, used 159566K [0x0000000080000000, 0x0000000100000000)
  region size 1024K, 12 young (12288K), 6 survivors (6144K)
 Metaspace       used 96757K, committed 97728K, reserved 557056K
  class space    used 13551K, committed 14016K, reserved 425984K
}
Event: 78.852 GC heap after
{Heap after GC invocations=61 (full 0):
 garbage-first heap   total 260096K, used 154180K [0x0000000080000000, 0x0000000100000000)
  region size 1024K, 2 young (2048K), 2 survivors (2048K)
 Metaspace       used 96757K, committed 97728K, reserved 557056K
  class space    used 13551K, committed 14016K, reserved 425984K
}
Event: 80.840 GC heap before
{Heap before GC invocations=61 (full 0):
 garbage-first heap   total 260096K, used 205380K [0x0000000080000000, 0x0000000100000000)
  region size 1024K, 53 young (54272K), 2 survivors (2048K)
 Metaspace       used 97804K, committed 98752K, reserved 557056K
  class space    used 13683K, committed 14144K, reserved 425984K
}
Event: 80.860 GC heap after
{Heap after GC invocations=62 (full 0):
 garbage-first heap   total 260096K, used 158014K [0x0000000080000000, 0x0000000100000000)
  region size 1024K, 5 young (5120K), 5 survivors (5120K)
 Metaspace       used 97804K, committed 98752K, reserved 557056K
  class space    used 13683K, committed 14144K, reserved 425984K
}
Event: 82.887 GC heap before
{Heap before GC invocations=62 (full 0):
 garbage-first heap   total 260096K, used 209214K [0x0000000080000000, 0x0000000100000000)
  region size 1024K, 56 young (57344K), 5 survivors (5120K)
 Metaspace       used 98191K, committed 99136K, reserved 557056K
  class space    used 13732K, committed 14208K, reserved 425984K
}
Event: 82.907 GC heap after
{Heap after GC invocations=63 (full 0):
 garbage-first heap   total 260096K, used 162766K [0x0000000080000000, 0x0000000100000000)
  region size 1024K, 5 young (5120K), 5 survivors (5120K)
 Metaspace       used 98191K, committed 99136K, reserved 557056K
  class space    used 13732K, committed 14208K, reserved 425984K
}

